<?xml version="1.0" encoding="UTF-8"?>
<!-- Generated by org.testng.reporters.JUnitReportReporter -->
<testsuite hostname="Nakul" name="Test5" tests="1" failures="0" timestamp="5 May 2019 10:16:44 GMT" time="0.179" errors="0">
  <testcase name="test" time="0.179" classname="Test5"/>
</testsuite> <!-- Test5 -->
