<?xml version="1.0" encoding="UTF-8"?>
<!-- Generated by org.testng.reporters.JUnitReportReporter -->
<testsuite hostname="Nakul" name="RestAPIViki" tests="2" failures="0" timestamp="5 May 2019 10:52:18 GMT" time="1076.712" errors="0">
  <testcase name="testVikiAPI10PerPage" time="253.567" classname="RestAPIViki"/>
  <testcase name="testVikiAPI50PerPage" time="823.145" classname="RestAPIViki"/>
</testsuite> <!-- RestAPIViki -->
